2015-11-10 15:26:56 10fc InnoDB: Warning: Using innodb_additional_mem_pool_size is DEPRECATED. This option may be removed in future releases, together with the option innodb_use_sys_malloc and with the InnoDB's internal memory allocator.
2015-11-10 15:26:56 4348 [Note] InnoDB: Using mutexes to ref count buffer pool pages
2015-11-10 15:26:56 4348 [Note] InnoDB: The InnoDB memory heap is disabled
2015-11-10 15:26:56 4348 [Note] InnoDB: Mutexes and rw_locks use Windows interlocked functions
2015-11-10 15:26:56 4348 [Note] InnoDB: Memory barrier is not used
2015-11-10 15:26:56 4348 [Note] InnoDB: Compressed tables use zlib 1.2.3
2015-11-10 15:26:56 4348 [Note] InnoDB: Not using CPU crc32 instructions
2015-11-10 15:26:56 4348 [Note] InnoDB: Initializing buffer pool, size = 16.0M
2015-11-10 15:26:56 4348 [Note] InnoDB: Completed initialization of buffer pool
2015-11-10 15:26:56 4348 [Note] InnoDB: Highest supported file format is Barracuda.
2015-11-10 15:26:57 4348 [Note] InnoDB: 128 rollback segment(s) are active.
2015-11-10 15:26:57 4348 [Note] InnoDB: Waiting for purge to start
2015-11-10 15:26:57 4348 [Note] InnoDB:  Percona XtraDB (http://www.percona.com) 5.6.26-74.0 started; log sequence number 1835027
2015-11-10 15:26:57 6140 [Note] InnoDB: Dumping buffer pool(s) not yet started
2015-11-10 15:26:57 4348 [Note] Plugin 'FEEDBACK' is disabled.
2015-11-10 15:26:57 4348 [Note] Server socket created on IP: '::'.
2015-11-10 15:26:57 4348 [Note] Event Scheduler: Loaded 0 events
2015-11-10 15:26:57 4348 [Note] C:\xampp\mysql\bin\mysqld.exe: ready for connections.
Version: '10.1.8-MariaDB'  socket: ''  port: 3306  mariadb.org binary distribution
2015-11-10 15:27:11 5152 [Note] C:\xampp\mysql\bin\mysqld.exe: Normal shutdown

2015-11-10 15:27:11 5152 [Note] Event Scheduler: Purging the queue. 0 events
2015-11-10 15:27:11 5732 [Note] InnoDB: FTS optimize thread exiting.
2015-11-10 15:27:11 5152 [Note] InnoDB: Starting shutdown...
2015-11-10 15:27:13 5152 [Note] InnoDB: Shutdown completed; log sequence number 1835037
2015-11-10 15:27:13 5152 [Note] C:\xampp\mysql\bin\mysqld.exe: Shutdown complete

2016-06-06 19:28:09 1944 InnoDB: Warning: Using innodb_additional_mem_pool_size is DEPRECATED. This option may be removed in future releases, together with the option innodb_use_sys_malloc and with the InnoDB's internal memory allocator.
2016-06-06 19:28:09 6468 [Note] InnoDB: Using mutexes to ref count buffer pool pages
2016-06-06 19:28:09 6468 [Note] InnoDB: The InnoDB memory heap is disabled
2016-06-06 19:28:09 6468 [Note] InnoDB: Mutexes and rw_locks use Windows interlocked functions
2016-06-06 19:28:09 6468 [Note] InnoDB: Memory barrier is not used
2016-06-06 19:28:09 6468 [Note] InnoDB: Compressed tables use zlib 1.2.3
2016-06-06 19:28:09 6468 [Note] InnoDB: Using generic crc32 instructions
2016-06-06 19:28:09 6468 [Note] InnoDB: Initializing buffer pool, size = 16.0M
2016-06-06 19:28:09 6468 [Note] InnoDB: Completed initialization of buffer pool
2016-06-06 19:28:09 6468 [Note] InnoDB: Highest supported file format is Barracuda.
2016-06-06 19:28:09 6468 [Note] InnoDB: 128 rollback segment(s) are active.
2016-06-06 19:28:09 6468 [Note] InnoDB: Waiting for purge to start
2016-06-06 19:28:09 6468 [Note] InnoDB:  Percona XtraDB (http://www.percona.com) 5.6.28-76.1 started; log sequence number 1835037
2016-06-06 19:28:09 780 [Note] InnoDB: Dumping buffer pool(s) not yet started
2016-06-06 19:28:09 6468 [Note] Plugin 'FEEDBACK' is disabled.
2016-06-06 19:28:09 6468 [Note] Server socket created on IP: '::'.
2016-06-06 19:28:09 6468 [Note] c:\xampp\mysql\bin\mysqld.exe: ready for connections.
Version: '10.1.13-MariaDB'  socket: ''  port: 3306  mariadb.org binary distribution
2016-06-06 19:28:37 1224 [Note] c:\xampp\mysql\bin\mysqld.exe: Normal shutdown

2016-06-06 19:28:37 1224 [Note] Event Scheduler: Purging the queue. 0 events
2016-06-06 19:28:37 880 [Note] InnoDB: FTS optimize thread exiting.
2016-06-06 19:28:37 1224 [Note] InnoDB: Starting shutdown...
2016-06-06 19:28:38 1224 [Note] InnoDB: Shutdown completed; log sequence number 1835047
2016-06-06 19:28:38 1224 [Note] c:\xampp\mysql\bin\mysqld.exe: Shutdown complete

2016-06-06 19:29:34 2368 InnoDB: Warning: Using innodb_additional_mem_pool_size is DEPRECATED. This option may be removed in future releases, together with the option innodb_use_sys_malloc and with the InnoDB's internal memory allocator.
2016-06-06 19:29:34 9064 [Note] InnoDB: Using mutexes to ref count buffer pool pages
2016-06-06 19:29:34 9064 [Note] InnoDB: The InnoDB memory heap is disabled
2016-06-06 19:29:34 9064 [Note] InnoDB: Mutexes and rw_locks use Windows interlocked functions
2016-06-06 19:29:34 9064 [Note] InnoDB: Memory barrier is not used
2016-06-06 19:29:34 9064 [Note] InnoDB: Compressed tables use zlib 1.2.3
2016-06-06 19:29:34 9064 [Note] InnoDB: Using generic crc32 instructions
2016-06-06 19:29:34 9064 [Note] InnoDB: Initializing buffer pool, size = 16.0M
2016-06-06 19:29:34 9064 [Note] InnoDB: Completed initialization of buffer pool
2016-06-06 19:29:34 9064 [Note] InnoDB: Highest supported file format is Barracuda.
2016-06-06 19:29:34 9064 [Note] InnoDB: 128 rollback segment(s) are active.
2016-06-06 19:29:34 9064 [Note] InnoDB: Waiting for purge to start
2016-06-06 19:29:34 9064 [Note] InnoDB:  Percona XtraDB (http://www.percona.com) 5.6.28-76.1 started; log sequence number 1835047
2016-06-06 19:29:34 9180 [Note] InnoDB: Dumping buffer pool(s) not yet started
2016-06-06 19:29:34 9064 [Note] Plugin 'FEEDBACK' is disabled.
2016-06-06 19:29:34 9064 [Note] Server socket created on IP: '::'.
2016-06-06 19:29:34 9064 [Note] c:\xampp\mysql\bin\mysqld.exe: ready for connections.
Version: '10.1.13-MariaDB'  socket: ''  port: 3306  mariadb.org binary distribution
2016-06-06 19:29:52 6184 [Note] c:\xampp\mysql\bin\mysqld.exe: Normal shutdown

2016-06-06 19:29:52 6184 [Note] Event Scheduler: Purging the queue. 0 events
2016-06-06 19:29:52 9212 [Note] InnoDB: FTS optimize thread exiting.
2016-06-06 19:29:52 6184 [Note] InnoDB: Starting shutdown...
2016-06-06 19:29:54 6184 [Note] InnoDB: Shutdown completed; log sequence number 1835057
2016-06-06 19:29:54 6184 [Note] c:\xampp\mysql\bin\mysqld.exe: Shutdown complete

2016-06-06 21:33:18 249c InnoDB: Warning: Using innodb_additional_mem_pool_size is DEPRECATED. This option may be removed in future releases, together with the option innodb_use_sys_malloc and with the InnoDB's internal memory allocator.
2016-06-06 21:33:18 9372 [Note] InnoDB: Using mutexes to ref count buffer pool pages
2016-06-06 21:33:18 9372 [Note] InnoDB: The InnoDB memory heap is disabled
2016-06-06 21:33:18 9372 [Note] InnoDB: Mutexes and rw_locks use Windows interlocked functions
2016-06-06 21:33:18 9372 [Note] InnoDB: Memory barrier is not used
2016-06-06 21:33:18 9372 [Note] InnoDB: Compressed tables use zlib 1.2.3
2016-06-06 21:33:18 9372 [Note] InnoDB: Using generic crc32 instructions
2016-06-06 21:33:18 9372 [Note] InnoDB: Initializing buffer pool, size = 16.0M
2016-06-06 21:33:18 9372 [Note] InnoDB: Completed initialization of buffer pool
2016-06-06 21:33:18 9372 [Note] InnoDB: Highest supported file format is Barracuda.
2016-06-06 21:33:18 9372 [Note] InnoDB: 128 rollback segment(s) are active.
2016-06-06 21:33:18 9372 [Note] InnoDB: Waiting for purge to start
2016-06-06 21:33:18 9372 [Note] InnoDB:  Percona XtraDB (http://www.percona.com) 5.6.28-76.1 started; log sequence number 1835057
2016-06-06 21:33:18 9336 [Note] InnoDB: Dumping buffer pool(s) not yet started
2016-06-06 21:33:18 9372 [Note] Plugin 'FEEDBACK' is disabled.
2016-06-06 21:33:18 9372 [Note] Server socket created on IP: '::'.
2016-06-06 21:33:18 9372 [Note] c:\xampp\mysql\bin\mysqld.exe: ready for connections.
Version: '10.1.13-MariaDB'  socket: ''  port: 3306  mariadb.org binary distribution
2016-06-06 21:33:31 9352 [Note] c:\xampp\mysql\bin\mysqld.exe: Normal shutdown

2016-06-06 21:33:31 9352 [Note] Event Scheduler: Purging the queue. 0 events
2016-06-06 21:33:31 9272 [Note] InnoDB: FTS optimize thread exiting.
2016-06-06 21:33:31 9352 [Note] InnoDB: Starting shutdown...
2016-06-06 21:33:32 9352 [Note] InnoDB: Shutdown completed; log sequence number 1835067
2016-06-06 21:33:32 9352 [Note] c:\xampp\mysql\bin\mysqld.exe: Shutdown complete

2016-06-06 21:35:15 203c InnoDB: Warning: Using innodb_additional_mem_pool_size is DEPRECATED. This option may be removed in future releases, together with the option innodb_use_sys_malloc and with the InnoDB's internal memory allocator.
2016-06-06 21:35:15 8252 [Note] InnoDB: Using mutexes to ref count buffer pool pages
2016-06-06 21:35:15 8252 [Note] InnoDB: The InnoDB memory heap is disabled
2016-06-06 21:35:15 8252 [Note] InnoDB: Mutexes and rw_locks use Windows interlocked functions
2016-06-06 21:35:15 8252 [Note] InnoDB: Memory barrier is not used
2016-06-06 21:35:15 8252 [Note] InnoDB: Compressed tables use zlib 1.2.3
2016-06-06 21:35:15 8252 [Note] InnoDB: Using generic crc32 instructions
2016-06-06 21:35:15 8252 [Note] InnoDB: Initializing buffer pool, size = 16.0M
2016-06-06 21:35:15 8252 [Note] InnoDB: Completed initialization of buffer pool
2016-06-06 21:35:15 8252 [Note] InnoDB: Highest supported file format is Barracuda.
2016-06-06 21:35:15 8252 [Note] InnoDB: 128 rollback segment(s) are active.
2016-06-06 21:35:15 8252 [Note] InnoDB: Waiting for purge to start
2016-06-06 21:35:15 8252 [Note] InnoDB:  Percona XtraDB (http://www.percona.com) 5.6.28-76.1 started; log sequence number 1835067
2016-06-06 21:35:15 8108 [Note] InnoDB: Dumping buffer pool(s) not yet started
2016-06-06 21:35:15 8252 [Note] Plugin 'FEEDBACK' is disabled.
2016-06-06 21:35:15 8252 [Note] Server socket created on IP: '::'.
2016-06-06 21:35:15 8252 [Note] c:\xampp\mysql\bin\mysqld.exe: ready for connections.
Version: '10.1.13-MariaDB'  socket: ''  port: 3306  mariadb.org binary distribution
2016-06-06 21:42:00 9908 [Note] c:\xampp\mysql\bin\mysqld.exe: Normal shutdown

2016-06-06 21:42:00 9908 [Note] Event Scheduler: Purging the queue. 0 events
2016-06-06 21:42:00 2612 [Note] InnoDB: FTS optimize thread exiting.
2016-06-06 21:42:00 9908 [Note] InnoDB: Starting shutdown...
2016-06-06 21:42:02 9908 [Note] InnoDB: Shutdown completed; log sequence number 1839754
2016-06-06 21:42:02 9908 [Note] c:\xampp\mysql\bin\mysqld.exe: Shutdown complete

2016-06-07 11:02:35 1824 InnoDB: Warning: Using innodb_additional_mem_pool_size is DEPRECATED. This option may be removed in future releases, together with the option innodb_use_sys_malloc and with the InnoDB's internal memory allocator.
2016-06-07 11:02:35 6180 [Note] InnoDB: Using mutexes to ref count buffer pool pages
2016-06-07 11:02:35 6180 [Note] InnoDB: The InnoDB memory heap is disabled
2016-06-07 11:02:35 6180 [Note] InnoDB: Mutexes and rw_locks use Windows interlocked functions
2016-06-07 11:02:35 6180 [Note] InnoDB: Memory barrier is not used
2016-06-07 11:02:35 6180 [Note] InnoDB: Compressed tables use zlib 1.2.3
2016-06-07 11:02:35 6180 [Note] InnoDB: Using generic crc32 instructions
2016-06-07 11:02:35 6180 [Note] InnoDB: Initializing buffer pool, size = 16.0M
2016-06-07 11:02:35 6180 [Note] InnoDB: Completed initialization of buffer pool
2016-06-07 11:02:35 6180 [Note] InnoDB: Highest supported file format is Barracuda.
2016-06-07 11:02:35 6180 [Note] InnoDB: 128 rollback segment(s) are active.
2016-06-07 11:02:35 6180 [Note] InnoDB: Waiting for purge to start
2016-06-07 11:02:35 6180 [Note] InnoDB:  Percona XtraDB (http://www.percona.com) 5.6.28-76.1 started; log sequence number 1839754
2016-06-07 11:02:35 6448 [Note] InnoDB: Dumping buffer pool(s) not yet started
2016-06-07 11:02:35 6180 [Note] Plugin 'FEEDBACK' is disabled.
2016-06-07 11:02:35 6180 [Note] Server socket created on IP: '::'.
2016-06-07 11:02:35 6180 [Note] c:\xampp\mysql\bin\mysqld.exe: ready for connections.
Version: '10.1.13-MariaDB'  socket: ''  port: 3306  mariadb.org binary distribution
2016-06-07 11:19:45 9584 [Note] c:\xampp\mysql\bin\mysqld.exe: Normal shutdown

2016-06-07 11:19:45 9584 [Note] Event Scheduler: Purging the queue. 0 events
2016-06-07 11:19:45 7716 [Note] InnoDB: FTS optimize thread exiting.
2016-06-07 11:19:45 9584 [Note] InnoDB: Starting shutdown...
2016-06-07 11:19:46 9584 [Note] InnoDB: Shutdown completed; log sequence number 1839764
2016-06-07 11:19:46 9584 [Note] c:\xampp\mysql\bin\mysqld.exe: Shutdown complete

2016-06-08 19:27:15 1ae0 InnoDB: Warning: Using innodb_additional_mem_pool_size is DEPRECATED. This option may be removed in future releases, together with the option innodb_use_sys_malloc and with the InnoDB's internal memory allocator.
2016-06-08 19:27:16 6880 [Note] InnoDB: Using mutexes to ref count buffer pool pages
2016-06-08 19:27:16 6880 [Note] InnoDB: The InnoDB memory heap is disabled
2016-06-08 19:27:16 6880 [Note] InnoDB: Mutexes and rw_locks use Windows interlocked functions
2016-06-08 19:27:16 6880 [Note] InnoDB: Memory barrier is not used
2016-06-08 19:27:16 6880 [Note] InnoDB: Compressed tables use zlib 1.2.3
2016-06-08 19:27:16 6880 [Note] InnoDB: Using generic crc32 instructions
2016-06-08 19:27:16 6880 [Note] InnoDB: Initializing buffer pool, size = 16.0M
2016-06-08 19:27:16 6880 [Note] InnoDB: Completed initialization of buffer pool
2016-06-08 19:27:16 6880 [Note] InnoDB: Highest supported file format is Barracuda.
2016-06-08 19:27:16 6880 [Note] InnoDB: 128 rollback segment(s) are active.
2016-06-08 19:27:16 6880 [Note] InnoDB: Waiting for purge to start
2016-06-08 19:27:16 6880 [Note] InnoDB:  Percona XtraDB (http://www.percona.com) 5.6.28-76.1 started; log sequence number 1839764
2016-06-08 19:27:16 5472 [Note] InnoDB: Dumping buffer pool(s) not yet started
2016-06-08 19:27:16 6880 [Note] Plugin 'FEEDBACK' is disabled.
2016-06-08 19:27:16 6880 [Note] Server socket created on IP: '::'.
2016-06-08 19:27:16 6880 [Note] c:\xampp\mysql\bin\mysqld.exe: ready for connections.
Version: '10.1.13-MariaDB'  socket: ''  port: 3306  mariadb.org binary distribution
2016-06-08 19:27:32 5836 [Note] c:\xampp\mysql\bin\mysqld.exe: Normal shutdown

2016-06-08 19:27:32 5836 [Note] Event Scheduler: Purging the queue. 0 events
2016-06-08 19:27:32 12056 [Note] InnoDB: FTS optimize thread exiting.
2016-06-08 19:27:32 5836 [Note] InnoDB: Starting shutdown...
2016-06-08 19:27:34 5836 [Note] InnoDB: Shutdown completed; log sequence number 1839774
2016-06-08 19:27:34 5836 [Note] c:\xampp\mysql\bin\mysqld.exe: Shutdown complete

2016-06-09 14:06:54 d48 InnoDB: Warning: Using innodb_additional_mem_pool_size is DEPRECATED. This option may be removed in future releases, together with the option innodb_use_sys_malloc and with the InnoDB's internal memory allocator.
2016-06-09 14:06:54 3400 [Note] InnoDB: Using mutexes to ref count buffer pool pages
2016-06-09 14:06:54 3400 [Note] InnoDB: The InnoDB memory heap is disabled
2016-06-09 14:06:54 3400 [Note] InnoDB: Mutexes and rw_locks use Windows interlocked functions
2016-06-09 14:06:54 3400 [Note] InnoDB: Memory barrier is not used
2016-06-09 14:06:54 3400 [Note] InnoDB: Compressed tables use zlib 1.2.3
2016-06-09 14:06:54 3400 [Note] InnoDB: Using generic crc32 instructions
2016-06-09 14:06:54 3400 [Note] InnoDB: Initializing buffer pool, size = 16.0M
2016-06-09 14:06:54 3400 [Note] InnoDB: Completed initialization of buffer pool
2016-06-09 14:06:54 3400 [Note] InnoDB: Highest supported file format is Barracuda.
2016-06-09 14:06:54 3400 [Note] InnoDB: 128 rollback segment(s) are active.
2016-06-09 14:06:54 3400 [Note] InnoDB: Waiting for purge to start
2016-06-09 14:06:54 3400 [Note] InnoDB:  Percona XtraDB (http://www.percona.com) 5.6.28-76.1 started; log sequence number 1839774
2016-06-09 14:06:54 10916 [Note] InnoDB: Dumping buffer pool(s) not yet started
2016-06-09 14:06:54 3400 [Note] Plugin 'FEEDBACK' is disabled.
2016-06-09 14:06:54 3400 [Note] Server socket created on IP: '::'.
2016-06-09 14:06:55 3400 [Note] c:\xampp\mysql\bin\mysqld.exe: ready for connections.
Version: '10.1.13-MariaDB'  socket: ''  port: 3306  mariadb.org binary distribution
2016-06-09 14:08:44 1680 [Note] c:\xampp\mysql\bin\mysqld.exe: Normal shutdown

2016-06-09 14:08:44 1680 [Note] Event Scheduler: Purging the queue. 0 events
2016-06-09 14:08:44 2572 [Note] InnoDB: FTS optimize thread exiting.
2016-06-09 14:08:44 1680 [Note] InnoDB: Starting shutdown...
2016-06-09 14:08:46 1680 [Note] InnoDB: Shutdown completed; log sequence number 1839784
2016-06-09 14:08:46 1680 [Note] c:\xampp\mysql\bin\mysqld.exe: Shutdown complete

2016-06-09 14:17:53 2c08 InnoDB: Warning: Using innodb_additional_mem_pool_size is DEPRECATED. This option may be removed in future releases, together with the option innodb_use_sys_malloc and with the InnoDB's internal memory allocator.
2016-06-09 14:17:53 11272 [Note] InnoDB: Using mutexes to ref count buffer pool pages
2016-06-09 14:17:53 11272 [Note] InnoDB: The InnoDB memory heap is disabled
2016-06-09 14:17:53 11272 [Note] InnoDB: Mutexes and rw_locks use Windows interlocked functions
2016-06-09 14:17:53 11272 [Note] InnoDB: Memory barrier is not used
2016-06-09 14:17:53 11272 [Note] InnoDB: Compressed tables use zlib 1.2.3
2016-06-09 14:17:53 11272 [Note] InnoDB: Using generic crc32 instructions
2016-06-09 14:17:54 11272 [Note] InnoDB: Initializing buffer pool, size = 16.0M
2016-06-09 14:17:54 11272 [Note] InnoDB: Completed initialization of buffer pool
2016-06-09 14:17:54 11272 [Note] InnoDB: Highest supported file format is Barracuda.
2016-06-09 14:17:54 11272 [Note] InnoDB: 128 rollback segment(s) are active.
2016-06-09 14:17:54 11272 [Note] InnoDB: Waiting for purge to start
2016-06-09 14:17:54 11272 [Note] InnoDB:  Percona XtraDB (http://www.percona.com) 5.6.28-76.1 started; log sequence number 1893826
2016-06-09 14:17:54 11908 [Note] InnoDB: Dumping buffer pool(s) not yet started
2016-06-09 14:17:54 11272 [Note] Plugin 'FEEDBACK' is disabled.
2016-06-09 14:17:54 11272 [Note] Server socket created on IP: '::'.
2016-06-09 14:17:54 11724 [Warning] InnoDB: Cannot open table mysql/gtid_slave_pos from the internal data dictionary of InnoDB though the .frm file for the table exists. See http://dev.mysql.com/doc/refman/5.6/en/innodb-troubleshooting.html for how you can resolve the problem.
2016-06-09 14:17:54 11724 [Warning] Failed to load slave replication state from table mysql.gtid_slave_pos: 1932: Table 'mysql.gtid_slave_pos' doesn't exist in engine
2016-06-09 14:17:54 11272 [Note] c:\xampp\mysql\bin\mysqld.exe: ready for connections.
Version: '10.1.13-MariaDB'  socket: ''  port: 3306  mariadb.org binary distribution
2016-06-09 14:17:56 3732 [Warning] InnoDB: Cannot open table phpmyadmin/pma__navigationhiding from the internal data dictionary of InnoDB though the .frm file for the table exists. See http://dev.mysql.com/doc/refman/5.6/en/innodb-troubleshooting.html for how you can resolve the problem.
2016-06-09 14:17:56 3732 [Warning] InnoDB: Cannot open table phpmyadmin/pma__usergroups from the internal data dictionary of InnoDB though the .frm file for the table exists. See http://dev.mysql.com/doc/refman/5.6/en/innodb-troubleshooting.html for how you can resolve the problem.
2016-06-09 14:17:56 3732 [Warning] InnoDB: Cannot open table phpmyadmin/pma__bookmark from the internal data dictionary of InnoDB though the .frm file for the table exists. See http://dev.mysql.com/doc/refman/5.6/en/innodb-troubleshooting.html for how you can resolve the problem.
2016-06-09 14:17:56 3732 [Warning] InnoDB: Cannot open table phpmyadmin/pma__usergroups from the internal data dictionary of InnoDB though the .frm file for the table exists. See http://dev.mysql.com/doc/refman/5.6/en/innodb-troubleshooting.html for how you can resolve the problem.
2016-06-09 14:17:59 3732 [Warning] InnoDB: Cannot open table phpmyadmin/pma__usergroups from the internal data dictionary of InnoDB though the .frm file for the table exists. See http://dev.mysql.com/doc/refman/5.6/en/innodb-troubleshooting.html for how you can resolve the problem.
2016-06-09 14:17:59 3732 [Warning] InnoDB: Cannot open table phpmyadmin/pma__usergroups from the internal data dictionary of InnoDB though the .frm file for the table exists. See http://dev.mysql.com/doc/refman/5.6/en/innodb-troubleshooting.html for how you can resolve the problem.
2016-06-09 14:18:01 3732 [Warning] InnoDB: Cannot open table phpmyadmin/pma__usergroups from the internal data dictionary of InnoDB though the .frm file for the table exists. See http://dev.mysql.com/doc/refman/5.6/en/innodb-troubleshooting.html for how you can resolve the problem.
2016-06-09 14:18:01 3732 [Warning] InnoDB: Cannot open table phpmyadmin/pma__usergroups from the internal data dictionary of InnoDB though the .frm file for the table exists. See http://dev.mysql.com/doc/refman/5.6/en/innodb-troubleshooting.html for how you can resolve the problem.
2016-06-09 14:18:09 1512 [Warning] InnoDB: Cannot open table phpmyadmin/pma__column_info from the internal data dictionary of InnoDB though the .frm file for the table exists. See http://dev.mysql.com/doc/refman/5.6/en/innodb-troubleshooting.html for how you can resolve the problem.
2016-06-09 14:18:11 1512 [Warning] InnoDB: Cannot open table phpmyadmin/pma__bookmark from the internal data dictionary of InnoDB though the .frm file for the table exists. See http://dev.mysql.com/doc/refman/5.6/en/innodb-troubleshooting.html for how you can resolve the problem.
2016-06-09 14:18:11 1512 [Warning] InnoDB: Cannot open table phpmyadmin/pma__bookmark from the internal data dictionary of InnoDB though the .frm file for the table exists. See http://dev.mysql.com/doc/refman/5.6/en/innodb-troubleshooting.html for how you can resolve the problem.
2016-06-09 14:18:11 1512 [Warning] InnoDB: Cannot open table phpmyadmin/pma__usergroups from the internal data dictionary of InnoDB though the .frm file for the table exists. See http://dev.mysql.com/doc/refman/5.6/en/innodb-troubleshooting.html for how you can resolve the problem.
2016-06-09 14:18:11 1512 [Warning] InnoDB: Cannot open table phpmyadmin/pma__usergroups from the internal data dictionary of InnoDB though the .frm file for the table exists. See http://dev.mysql.com/doc/refman/5.6/en/innodb-troubleshooting.html for how you can resolve the problem.
2016-06-09 14:18:13 1512 [Warning] InnoDB: Cannot open table phpmyadmin/pma__usergroups from the internal data dictionary of InnoDB though the .frm file for the table exists. See http://dev.mysql.com/doc/refman/5.6/en/innodb-troubleshooting.html for how you can resolve the problem.
2016-06-09 14:18:13 1512 [Warning] InnoDB: Cannot open table phpmyadmin/pma__usergroups from the internal data dictionary of InnoDB though the .frm file for the table exists. See http://dev.mysql.com/doc/refman/5.6/en/innodb-troubleshooting.html for how you can resolve the problem.
2016-06-09 14:18:35 3732 [Warning] InnoDB: Cannot open table phpmyadmin/pma__navigationhiding from the internal data dictionary of InnoDB though the .frm file for the table exists. See http://dev.mysql.com/doc/refman/5.6/en/innodb-troubleshooting.html for how you can resolve the problem.
2016-06-09 14:18:35 3732 [Warning] InnoDB: Cannot open table phpmyadmin/pma__navigationhiding from the internal data dictionary of InnoDB though the .frm file for the table exists. See http://dev.mysql.com/doc/refman/5.6/en/innodb-troubleshooting.html for how you can resolve the problem.
2016-06-09 14:18:35 3732 [Warning] InnoDB: Cannot open table phpmyadmin/pma__usergroups from the internal data dictionary of InnoDB though the .frm file for the table exists. See http://dev.mysql.com/doc/refman/5.6/en/innodb-troubleshooting.html for how you can resolve the problem.
2016-06-09 14:18:35 3732 [Warning] InnoDB: Cannot open table phpmyadmin/pma__usergroups from the internal data dictionary of InnoDB though the .frm file for the table exists. See http://dev.mysql.com/doc/refman/5.6/en/innodb-troubleshooting.html for how you can resolve the problem.
2016-06-09 14:18:40 1512 [Warning] InnoDB: Cannot open table phpmyadmin/pma__column_info from the internal data dictionary of InnoDB though the .frm file for the table exists. See http://dev.mysql.com/doc/refman/5.6/en/innodb-troubleshooting.html for how you can resolve the problem.
